<?xml version="1.0" encoding="UTF-8"?>
<!-- Generated by org.testng.reporters.JUnitReportReporter -->
<testsuite hostname="LAPTOP-FQQU4RFM" failures="0" tests="3" name="com.hrm.tests.TestLogin" time="7.429" errors="0" timestamp="2024-12-26T23:48:20 IST" skipped="0">
  <testcase classname="com.hrm.tests.TestLogin" name="verifyerrormessagesforblankfields" time="0.667"/>
  <testcase classname="com.hrm.tests.TestLogin" name="invalidCredentialsVerification" time="2.201"/>
  <testcase classname="com.hrm.tests.TestLogin" name="validlogin" time="4.561"/>
</testsuite> <!-- com.hrm.tests.TestLogin -->
