<?xml version="1.0" encoding="UTF-8"?>
<!-- Generated by org.testng.reporters.JUnitReportReporter -->
<testsuite hostname="LAPTOP-FQQU4RFM" failures="0" tests="3" name="com.hrm.tests.TestHomePage" time="76.740" errors="0" timestamp="2024-12-26T23:48:20 IST" skipped="0">
  <testcase classname="com.hrm.tests.TestHomePage" name="verifyPanelElementsAreClickable" time="35.477"/>
  <testcase classname="com.hrm.tests.TestHomePage" name="verifyRightPanelElements" time="34.744"/>
  <testcase classname="com.hrm.tests.TestHomePage" name="verifypanelelements" time="6.519"/>
</testsuite> <!-- com.hrm.tests.TestHomePage -->
