<?xml version="1.0" encoding="UTF-8"?>
<!-- Generated by org.testng.reporters.JUnitReportReporter -->
<testsuite hostname="LAPTOP-FQQU4RFM" failures="0" tests="1" name="com.hrm.pages.TestLeavePage" time="8.138" errors="0" timestamp="2024-12-29T14:47:19 IST" skipped="0">
  <testcase classname="com.hrm.pages.TestLeavePage" name="verifyleavepageelements" time="8.138"/>
</testsuite> <!-- com.hrm.pages.TestLeavePage -->
